<?xml version="1.0" encoding="UTF-8"?>
<!-- Generated by org.testng.reporters.JUnitReportReporter -->
<testsuite hostname="MahnoorNazeer" failures="0" tests="4" name="FrameworkPractice.SeleniumFrameworkDesign.Tests.SubmitOrderr" time="60.581" errors="0" timestamp="2025-01-17T12:10:25 PKT" skipped="0">
  <testcase classname="FrameworkPractice.SeleniumFrameworkDesign.Tests.SubmitOrderr" name="OrderHistoryTest" time="6.012"/>
  <system-out/>
  <testcase classname="FrameworkPractice.SeleniumFrameworkDesign.Tests.SubmitOrderr" name="SubmitOrderTest" time="22.937"/>
  <system-out/>
  <testcase classname="FrameworkPractice.SeleniumFrameworkDesign.Tests.SubmitOrderr" name="OrderHistoryTest" time="8.997"/>
  <system-out/>
  <testcase classname="FrameworkPractice.SeleniumFrameworkDesign.Tests.SubmitOrderr" name="SubmitOrderTest" time="22.635"/>
  <system-out/>
</testsuite> <!-- FrameworkPractice.SeleniumFrameworkDesign.Tests.SubmitOrderr -->
