<?xml version="1.0" encoding="UTF-8"?>
<!-- Generated by org.testng.reporters.JUnitReportReporter -->
<testsuite hostname="MahnoorNazeer" failures="0" tests="1" name="FrameworkPractice.SeleniumFrameworkDesign.Tests.StandAloneTest" time="22.636" errors="0" timestamp="2025-01-13T18:04:27 PKT" skipped="0">
  <testcase classname="FrameworkPractice.SeleniumFrameworkDesign.Tests.StandAloneTest" name="SubmitOrder" time="22.636"/>
  <system-out/>
</testsuite> <!-- FrameworkPractice.SeleniumFrameworkDesign.Tests.StandAloneTest -->
