<?xml version="1.0" encoding="UTF-8"?>
<!-- Generated by org.testng.reporters.JUnitReportReporter -->
<testsuite hostname="MahnoorNazeer" failures="0" tests="4" name="FrameworkPractice.SeleniumFrameworkDesign.Tests.SubmitOrderr" time="52.578" errors="0" timestamp="2025-01-20T15:38:30 PKT" skipped="0">
  <testcase classname="FrameworkPractice.SeleniumFrameworkDesign.Tests.SubmitOrderr" name="SubmitOrderTest" time="11.995"/>
  <testcase classname="FrameworkPractice.SeleniumFrameworkDesign.Tests.SubmitOrderr" name="SubmitOrderTest" time="24.801"/>
  <testcase classname="FrameworkPractice.SeleniumFrameworkDesign.Tests.SubmitOrderr" name="OrderHistoryTest" time="8.745"/>
  <testcase classname="FrameworkPractice.SeleniumFrameworkDesign.Tests.SubmitOrderr" name="OrderHistoryTest" time="7.037"/>
</testsuite> <!-- FrameworkPractice.SeleniumFrameworkDesign.Tests.SubmitOrderr -->
