<?xml version="1.0" encoding="UTF-8"?>
<!-- Generated by org.testng.reporters.JUnitReportReporter -->
<testsuite hostname="MahnoorNazeer" failures="0" tests="1" name="FrameworkPractice.SeleniumFrameworkDesign.Tests.ErrorValidations" time="9.344" errors="0" timestamp="2025-01-20T15:38:30 PKT" skipped="0">
  <testcase classname="FrameworkPractice.SeleniumFrameworkDesign.Tests.ErrorValidations" name="IncorrectCredentials" time="9.344"/>
</testsuite> <!-- FrameworkPractice.SeleniumFrameworkDesign.Tests.ErrorValidations -->
